<?xml version="1.0" encoding="UTF-8"?>
<!-- Generated by org.testng.reporters.JUnitXMLReporter -->
<testsuite hostname="W108XMJ8S2" ignored="0" name="Default test" tests="6" failures="0" timestamp="18 Aug 2019 13:49:51 GMT" time="49.219" errors="0">
  <testcase name="login" time="21.489" classname="com.selenium.test.SeleniumTest"/>
  <testcase name="searchProduct" time="1.803" classname="com.selenium.test.SeleniumTest"/>
  <testcase name="addToCart" time="20.198" classname="com.selenium.test.SeleniumTest"/>
  <testcase name="placeOrder" time="2.299" classname="com.selenium.test.SeleniumTest"/>
  <testcase name="removeFromCart" time="2.06" classname="com.selenium.test.SeleniumTest"/>
  <testcase name="logout" time="1.345" classname="com.selenium.test.SeleniumTest"/>
</testsuite> <!-- Default test -->
