<?xml version="1.0" encoding="UTF-8"?>
<!-- Generated by org.testng.reporters.JUnitXMLReporter -->
<testsuite hostname="W108XMJ8S2" ignored="0" name="Default test" tests="6" failures="0" timestamp="19 Aug 2019 14:38:35 GMT" time="55.052" errors="0">
  <testcase name="login" time="22.101" classname="com.selenium.test.SeleniumTest"/>
  <testcase name="searchProduct" time="2.368" classname="com.selenium.test.SeleniumTest"/>
  <testcase name="addToCart" time="20.274" classname="com.selenium.test.SeleniumTest"/>
  <testcase name="placeOrder" time="5.635" classname="com.selenium.test.SeleniumTest"/>
  <testcase name="removeFromCart" time="2.342" classname="com.selenium.test.SeleniumTest"/>
  <testcase name="logout" time="2.296" classname="com.selenium.test.SeleniumTest"/>
</testsuite> <!-- Default test -->
