<?xml version="1.0" encoding="UTF-8"?>
<!-- Generated by org.testng.reporters.JUnitXMLReporter -->
<testsuite hostname="W108XMJ8S2" ignored="0" name="Test" tests="5" failures="0" timestamp="22 Aug 2019 04:53:09 GMT" time="105.555" errors="0">
  <testcase name="@BeforeClass setUp" time="21.796" classname="com.flipkart.tescases.SearchResultsPageTest">
    <failure type="org.openqa.selenium.WebDriverException" message="chrome not reachable
  (Session info: chrome=76.0.3809.100)
Build info: version: &amp;apos;3.141.59&amp;apos;, revision: &amp;apos;e82be7d358&amp;apos;, time: &amp;apos;2018-11-14T08:25:48&amp;apos;
System info: host: &amp;apos;W108XMJ8S2&amp;apos;, ip: &amp;apos;192.168.0.104&amp;apos;, os.name: &amp;apos;Windows 10&amp;apos;, os.arch: &amp;apos;amd64&amp;apos;, os.version: &amp;apos;10.0&amp;apos;, java.version: &amp;apos;1.8.0_202&amp;apos;
Driver info: org.openqa.selenium.chrome.ChromeDriver
Capabilities {acceptInsecureCerts: false, browserName: chrome, browserVersion: 76.0.3809.100, chrome: {chromedriverVersion: 76.0.3809.68 (420c9498db8ce..., userDataDir: C:\Users\PUTTAR~1\AppData\L...}, goog:chromeOptions: {debuggerAddress: localhost:59500}, javascriptEnabled: true, networkConnectionEnabled: false, pageLoadStrategy: normal, platform: XP, platformName: XP, proxy: Proxy(), setWindowRect: true, strictFileInteractability: false, timeouts: {implicit: 0, pageLoad: 300000, script: 30000}, unhandledPromptBehavior: dismiss and notify}
Session ID: a5b19654a91ee146b52e6ef20140ed6c
*** Element info: {Using=xpath, value=//input[@name=&amp;apos;q&amp;apos;]}">
      <![CDATA[org.openqa.selenium.WebDriverException: chrome not reachable
  (Session info: chrome=76.0.3809.100)
Build info: version: '3.141.59', revision: 'e82be7d358', time: '2018-11-14T08:25:48'
System info: host: 'W108XMJ8S2', ip: '192.168.0.104', os.name: 'Windows 10', os.arch: 'amd64', os.version: '10.0', java.version: '1.8.0_202'
Driver info: org.openqa.selenium.chrome.ChromeDriver
Capabilities {acceptInsecureCerts: false, browserName: chrome, browserVersion: 76.0.3809.100, chrome: {chromedriverVersion: 76.0.3809.68 (420c9498db8ce..., userDataDir: C:\Users\PUTTAR~1\AppData\L...}, goog:chromeOptions: {debuggerAddress: localhost:59500}, javascriptEnabled: true, networkConnectionEnabled: false, pageLoadStrategy: normal, platform: XP, platformName: XP, proxy: Proxy(), setWindowRect: true, strictFileInteractability: false, timeouts: {implicit: 0, pageLoad: 300000, script: 30000}, unhandledPromptBehavior: dismiss and notify}
Session ID: a5b19654a91ee146b52e6ef20140ed6c
*** Element info: {Using=xpath, value=//input[@name='q']}
at org.openqa.selenium.remote.http.W3CHttpResponseCodec.createException(W3CHttpResponseCodec.java:187)
at org.openqa.selenium.remote.http.W3CHttpResponseCodec.decode(W3CHttpResponseCodec.java:122)
at org.openqa.selenium.remote.http.W3CHttpResponseCodec.decode(W3CHttpResponseCodec.java:49)
at org.openqa.selenium.remote.HttpCommandExecutor.execute(HttpCommandExecutor.java:158)
at org.openqa.selenium.remote.service.DriverCommandExecutor.execute(DriverCommandExecutor.java:83)
at org.openqa.selenium.remote.RemoteWebDriver.execute(RemoteWebDriver.java:552)
at org.openqa.selenium.remote.RemoteWebDriver.findElement(RemoteWebDriver.java:323)
at org.openqa.selenium.remote.RemoteWebDriver.findElementByXPath(RemoteWebDriver.java:428)
at org.openqa.selenium.By$ByXPath.findElement(By.java:353)
at org.openqa.selenium.remote.RemoteWebDriver.findElement(RemoteWebDriver.java:315)
at org.openqa.selenium.support.pagefactory.DefaultElementLocator.findElement(DefaultElementLocator.java:69)
at org.openqa.selenium.support.pagefactory.internal.LocatingElementHandler.invoke(LocatingElementHandler.java:38)
at com.sun.proxy.$Proxy9.sendKeys(Unknown Source)
at com.flipkart.pages.HomePage.searchProduct(HomePage.java:116)
at com.flipkart.tescases.SearchResultsPageTest.setUp(SearchResultsPageTest.java:25)
... Removed 30 stack frames]]>
    </failure>
  </testcase> <!-- @BeforeClass setUp -->
  <testcase name="pageTitleTest" time="0.011" classname="com.flipkart.tescases.HomePageTest"/>
  <testcase name="pageTitleTest" time="0.0" classname="com.flipkart.tescases.SearchResultsPageTest">
    <skipped/>
  </testcase> <!-- pageTitleTest -->
  <testcase name="pageTitleTest" time="11.057" classname="com.flipkart.tescases.ProductPageTest"/>
  <testcase name="pageTitleTest" time="10.015" classname="com.flipkart.tescases.CartPageTest"/>
  <testcase name="pageTitleTest" time="0.007" classname="com.flipkart.tescases.CheckOutPageTest"/>
</testsuite> <!-- Test -->
