<?xml version="1.0" encoding="UTF-8"?>
<testng-results skipped="0" failed="0" ignored="0" total="8" passed="8">
  <reporter-output>
  </reporter-output>
  <suite name="Default suite" duration-ms="102288" started-at="2019-08-22T18:37:15Z" finished-at="2019-08-22T18:38:57Z">
    <groups>
    </groups>
    <test name="Default test" duration-ms="102288" started-at="2019-08-22T18:37:15Z" finished-at="2019-08-22T18:38:57Z">
      <class name="com.flipkart.tescases.FlipkartTest">
        <test-method status="PASS" signature="setUp()[pri:0, instance:com.flipkart.tescases.FlipkartTest@3ffc5af1]" name="setUp" is-config="true" duration-ms="9271" started-at="2019-08-22T18:37:15Z" finished-at="2019-08-22T18:37:24Z">
          <reporter-output>
          </reporter-output>
        </test-method> <!-- setUp -->
        <test-method status="PASS" signature="loginTest()[pri:1, instance:com.flipkart.tescases.FlipkartTest@3ffc5af1]" name="loginTest" duration-ms="25838" started-at="2019-08-22T18:37:24Z" finished-at="2019-08-22T18:37:50Z">
          <reporter-output>
          </reporter-output>
        </test-method> <!-- loginTest -->
        <test-method status="PASS" signature="searchProductTest()[pri:2, instance:com.flipkart.tescases.FlipkartTest@3ffc5af1]" name="searchProductTest" duration-ms="10477" started-at="2019-08-22T18:37:50Z" finished-at="2019-08-22T18:38:01Z">
          <reporter-output>
          </reporter-output>
        </test-method> <!-- searchProductTest -->
        <test-method status="PASS" signature="openProductPage()[pri:3, instance:com.flipkart.tescases.FlipkartTest@3ffc5af1]" name="openProductPage" duration-ms="12524" started-at="2019-08-22T18:38:01Z" finished-at="2019-08-22T18:38:13Z">
          <reporter-output>
          </reporter-output>
        </test-method> <!-- openProductPage -->
        <test-method status="PASS" signature="addToCartTest()[pri:4, instance:com.flipkart.tescases.FlipkartTest@3ffc5af1]" name="addToCartTest" duration-ms="10315" started-at="2019-08-22T18:38:13Z" finished-at="2019-08-22T18:38:24Z">
          <reporter-output>
          </reporter-output>
        </test-method> <!-- addToCartTest -->
        <test-method status="PASS" signature="compareProductDetails()[pri:5, instance:com.flipkart.tescases.FlipkartTest@3ffc5af1]" name="compareProductDetails" duration-ms="88" started-at="2019-08-22T18:38:24Z" finished-at="2019-08-22T18:38:24Z">
          <reporter-output>
          </reporter-output>
        </test-method> <!-- compareProductDetails -->
        <test-method status="PASS" signature="placeOrderTest()[pri:6, instance:com.flipkart.tescases.FlipkartTest@3ffc5af1]" name="placeOrderTest" duration-ms="14657" started-at="2019-08-22T18:38:24Z" finished-at="2019-08-22T18:38:38Z">
          <reporter-output>
          </reporter-output>
        </test-method> <!-- placeOrderTest -->
        <test-method status="PASS" signature="removeProductFromCart()[pri:7, instance:com.flipkart.tescases.FlipkartTest@3ffc5af1]" name="removeProductFromCart" duration-ms="12037" started-at="2019-08-22T18:38:38Z" finished-at="2019-08-22T18:38:50Z">
          <reporter-output>
          </reporter-output>
        </test-method> <!-- removeProductFromCart -->
        <test-method status="PASS" signature="logoutTest()[pri:8, instance:com.flipkart.tescases.FlipkartTest@3ffc5af1]" name="logoutTest" duration-ms="6147" started-at="2019-08-22T18:38:50Z" finished-at="2019-08-22T18:38:57Z">
          <reporter-output>
          </reporter-output>
        </test-method> <!-- logoutTest -->
        <test-method status="PASS" signature="tearDown()[pri:0, instance:com.flipkart.tescases.FlipkartTest@3ffc5af1]" name="tearDown" is-config="true" duration-ms="892" started-at="2019-08-22T18:38:57Z" finished-at="2019-08-22T18:38:57Z">
          <reporter-output>
          </reporter-output>
        </test-method> <!-- tearDown -->
      </class> <!-- com.flipkart.tescases.FlipkartTest -->
    </test> <!-- Default test -->
  </suite> <!-- Default suite -->
</testng-results>
