<?xml version="1.0" encoding="UTF-8"?>
<testng-results skipped="0" failed="0" ignored="0" total="6" passed="6">
  <reporter-output>
  </reporter-output>
  <suite name="Default suite" duration-ms="49219" started-at="2019-08-18T13:49:01Z" finished-at="2019-08-18T13:49:51Z">
    <groups>
    </groups>
    <test name="Default test" duration-ms="49219" started-at="2019-08-18T13:49:01Z" finished-at="2019-08-18T13:49:51Z">
      <class name="com.selenium.test.SeleniumTest">
        <test-method status="PASS" signature="setUp()[pri:0, instance:com.selenium.test.SeleniumTest@523884b2]" name="setUp" is-config="true" duration-ms="7019" started-at="2019-08-18T13:48:54Z" finished-at="2019-08-18T13:49:01Z">
          <reporter-output>
          </reporter-output>
        </test-method> <!-- setUp -->
        <test-method status="PASS" signature="beforeTest()[pri:0, instance:com.selenium.test.SeleniumTest@523884b2]" name="beforeTest" is-config="true" duration-ms="0" started-at="2019-08-18T13:49:01Z" finished-at="2019-08-18T13:49:01Z">
          <reporter-output>
          </reporter-output>
        </test-method> <!-- beforeTest -->
        <test-method status="PASS" signature="login()[pri:1, instance:com.selenium.test.SeleniumTest@523884b2]" name="login" duration-ms="21489" started-at="2019-08-18T13:49:01Z" finished-at="2019-08-18T13:49:23Z">
          <reporter-output>
          </reporter-output>
        </test-method> <!-- login -->
        <test-method status="PASS" signature="searchProduct()[pri:2, instance:com.selenium.test.SeleniumTest@523884b2]" name="searchProduct" duration-ms="1803" started-at="2019-08-18T13:49:23Z" finished-at="2019-08-18T13:49:25Z">
          <reporter-output>
          </reporter-output>
        </test-method> <!-- searchProduct -->
        <test-method status="PASS" signature="addToCart()[pri:3, instance:com.selenium.test.SeleniumTest@523884b2]" name="addToCart" duration-ms="20198" started-at="2019-08-18T13:49:25Z" finished-at="2019-08-18T13:49:45Z">
          <reporter-output>
          </reporter-output>
        </test-method> <!-- addToCart -->
        <test-method status="PASS" signature="placeOrder()[pri:4, instance:com.selenium.test.SeleniumTest@523884b2]" name="placeOrder" duration-ms="2299" started-at="2019-08-18T13:49:45Z" finished-at="2019-08-18T13:49:47Z">
          <reporter-output>
          </reporter-output>
        </test-method> <!-- placeOrder -->
        <test-method status="PASS" signature="removeFromCart()[pri:5, instance:com.selenium.test.SeleniumTest@523884b2]" name="removeFromCart" duration-ms="2060" started-at="2019-08-18T13:49:47Z" finished-at="2019-08-18T13:49:49Z">
          <reporter-output>
          </reporter-output>
        </test-method> <!-- removeFromCart -->
        <test-method status="PASS" signature="logout()[pri:6, instance:com.selenium.test.SeleniumTest@523884b2]" name="logout" duration-ms="1345" started-at="2019-08-18T13:49:49Z" finished-at="2019-08-18T13:49:51Z">
          <reporter-output>
          </reporter-output>
        </test-method> <!-- logout -->
        <test-method status="PASS" signature="afterTest()[pri:0, instance:com.selenium.test.SeleniumTest@523884b2]" name="afterTest" is-config="true" duration-ms="0" started-at="2019-08-18T13:49:51Z" finished-at="2019-08-18T13:49:51Z">
          <reporter-output>
          </reporter-output>
        </test-method> <!-- afterTest -->
        <test-method status="PASS" signature="tearDown()[pri:0, instance:com.selenium.test.SeleniumTest@523884b2]" name="tearDown" is-config="true" duration-ms="832" started-at="2019-08-18T13:49:51Z" finished-at="2019-08-18T13:49:52Z">
          <reporter-output>
          </reporter-output>
        </test-method> <!-- tearDown -->
      </class> <!-- com.selenium.test.SeleniumTest -->
    </test> <!-- Default test -->
  </suite> <!-- Default suite -->
</testng-results>
